[2023-08-10 03:15:27,204] [INFO] 5***********@x**.fun 获得了 421MB 流量.
[2023-08-10 03:15:28,927] [INFO] d**@x**.fun 获得了 326MB 流量.
[2023-08-10 03:15:30,654] [INFO] h**@a***********.org 获得了 489MB 流量.
[2023-08-10 03:15:32,140] [INFO] c****@q****.com 获得了 383MB 流量.
[2023-08-11 03:15:01,327] [INFO] 5***********@x**.fun 获得了 300MB 流量.
[2023-08-11 03:15:02,702] [INFO] d**@x**.fun 获得了 394MB 流量.
[2023-08-11 03:15:04,146] [INFO] h**@a***********.org 获得了 452MB 流量.
[2023-08-11 03:15:05,690] [INFO] c****@q****.com 获得了 477MB 流量.
[2023-08-12 03:14:28,229] [INFO] 5***********@x**.fun 获得了 435MB 流量.
[2023-08-12 03:14:29,788] [INFO] d**@x**.fun 获得了 373MB 流量.
[2023-08-12 03:14:31,366] [INFO] h**@a***********.org 获得了 485MB 流量.
[2023-08-12 03:14:32,925] [INFO] c****@q****.com 获得了 479MB 流量.
[2023-08-13 03:14:21,251] [INFO] 5***********@x**.fun 获得了 476MB 流量.
[2023-08-13 03:14:22,631] [INFO] d**@x**.fun 获得了 334MB 流量.
[2023-08-13 03:14:23,989] [INFO] h**@a***********.org 获得了 488MB 流量.
[2023-08-13 03:14:25,585] [INFO] c****@q****.com 获得了 411MB 流量.
[2023-08-14 03:15:04,985] [INFO] 5***********@x**.fun 获得了 362MB 流量.
[2023-08-14 03:15:06,437] [INFO] d**@x**.fun 获得了 484MB 流量.
[2023-08-14 03:15:07,879] [INFO] h**@a***********.org 获得了 365MB 流量.
[2023-08-14 03:15:09,318] [INFO] c****@q****.com 获得了 391MB 流量.
[2023-08-15 03:14:56,596] [INFO] 5***********@x**.fun 获得了 382MB 流量.
[2023-08-15 03:14:58,436] [INFO] d**@x**.fun 获得了 406MB 流量.
[2023-08-15 03:15:00,236] [INFO] h**@a***********.org 获得了 389MB 流量.
[2023-08-15 03:15:02,112] [INFO] c****@q****.com 获得了 315MB 流量.
[2023-08-16 03:15:25,526] [INFO] 5***********@x**.fun 获得了 456MB 流量.
[2023-08-16 03:15:27,131] [INFO] d**@x**.fun 获得了 406MB 流量.
[2023-08-16 03:15:28,749] [INFO] h**@a***********.org 获得了 467MB 流量.
[2023-08-16 03:15:30,112] [INFO] c****@q****.com 获得了 416MB 流量.
[2023-08-17 03:14:52,975] [INFO] 5***********@x**.fun 获得了 322MB 流量.
[2023-08-17 03:14:54,410] [INFO] d**@x**.fun 获得了 401MB 流量.
[2023-08-17 03:14:55,830] [INFO] h**@a***********.org 获得了 358MB 流量.
[2023-08-17 03:14:57,244] [INFO] c****@q****.com 获得了 407MB 流量.
[2023-08-18 03:15:07,335] [INFO] 5***********@x**.fun 获得了 363MB 流量.
[2023-08-18 03:15:09,309] [INFO] d**@x**.fun 获得了 382MB 流量.
[2023-08-18 03:15:10,939] [INFO] h**@a***********.org 获得了 362MB 流量.
[2023-08-18 03:15:12,250] [INFO] c****@q****.com 获得了 470MB 流量.
[2023-08-19 03:15:14,025] [INFO] 5***********@x**.fun 获得了 388MB 流量.
[2023-08-19 03:15:15,616] [INFO] d**@x**.fun 获得了 407MB 流量.
[2023-08-19 03:15:17,219] [INFO] h**@a***********.org 获得了 489MB 流量.
[2023-08-19 03:15:18,927] [INFO] c****@q****.com 获得了 480MB 流量.
[2023-08-20 03:14:21,342] [INFO] 5***********@x**.fun 获得了 454MB 流量.
[2023-08-20 03:14:22,931] [INFO] d**@x**.fun 获得了 364MB 流量.
[2023-08-20 03:14:24,478] [INFO] h**@a***********.org 获得了 466MB 流量.
[2023-08-20 03:14:26,034] [INFO] c****@q****.com 获得了 361MB 流量.
[2023-08-21 03:15:08,617] [INFO] 5***********@x**.fun 获得了 342MB 流量.
[2023-08-21 03:15:10,387] [INFO] d**@x**.fun 获得了 329MB 流量.
[2023-08-21 03:15:12,128] [INFO] h**@a***********.org 获得了 399MB 流量.
[2023-08-21 03:15:13,870] [INFO] c****@q****.com 获得了 333MB 流量.
[2023-08-22 03:15:13,175] [INFO] 5***********@x**.fun 获得了 491MB 流量.
[2023-08-22 03:15:14,830] [INFO] d**@x**.fun 获得了 390MB 流量.
[2023-08-22 03:15:16,733] [INFO] h**@a***********.org 获得了 434MB 流量.
[2023-08-22 03:15:18,429] [INFO] c****@q****.com 获得了 321MB 流量.
[2023-08-23 03:15:14,077] [INFO] 5***********@x**.fun 获得了 372MB 流量.
[2023-08-23 03:15:15,571] [INFO] d**@x**.fun 获得了 339MB 流量.
[2023-08-23 03:15:21,516] [INFO] h**@a***********.org 获得了 306MB 流量.
[2023-08-23 03:15:23,010] [INFO] c****@q****.com 获得了 490MB 流量.
[2023-08-24 03:15:16,892] [INFO] 5***********@x**.fun 获得了 374MB 流量.
[2023-08-24 03:15:18,350] [INFO] d**@x**.fun 获得了 425MB 流量.
[2023-08-24 03:15:19,807] [INFO] h**@a***********.org 获得了 483MB 流量.
[2023-08-24 03:15:21,262] [INFO] c****@q****.com 获得了 304MB 流量.
[2023-08-25 03:15:22,379] [INFO] 5***********@x**.fun 获得了 363MB 流量.
[2023-08-25 03:15:23,870] [INFO] d**@x**.fun 获得了 406MB 流量.
[2023-08-25 03:15:25,338] [INFO] h**@a***********.org 获得了 323MB 流量.
[2023-08-25 03:15:26,819] [INFO] c****@q****.com 获得了 392MB 流量.
[2023-08-26 03:14:41,705] [INFO] 5***********@x**.fun 获得了 441MB 流量.
[2023-08-26 03:14:43,380] [INFO] d**@x**.fun 获得了 417MB 流量.
[2023-08-26 03:14:44,814] [INFO] h**@a***********.org 获得了 424MB 流量.
[2023-08-26 03:14:46,490] [INFO] c****@q****.com 获得了 347MB 流量.
[2023-08-27 03:14:54,905] [INFO] 5***********@x**.fun 获得了 475MB 流量.
[2023-08-27 03:14:56,317] [INFO] d**@x**.fun 获得了 337MB 流量.
[2023-08-27 03:14:57,748] [INFO] h**@a***********.org 获得了 462MB 流量.
[2023-08-27 03:14:58,965] [INFO] c****@q****.com 获得了 448MB 流量.
[2023-08-28 03:15:30,121] [INFO] 5***********@x**.fun 获得了 465MB 流量.
[2023-08-28 03:15:31,880] [INFO] d**@x**.fun 获得了 328MB 流量.
[2023-08-28 03:15:33,685] [INFO] h**@a***********.org 获得了 307MB 流量.
[2023-08-28 03:15:35,314] [INFO] c****@q****.com 获得了 443MB 流量.
[2023-08-29 03:16:08,626] [INFO] 5***********@x**.fun 获得了 457MB 流量.
[2023-08-29 03:16:10,073] [INFO] d**@x**.fun 获得了 312MB 流量.
[2023-08-29 03:16:11,330] [INFO] h**@a***********.org 获得了 473MB 流量.
[2023-08-29 03:16:12,771] [INFO] c****@q****.com 获得了 499MB 流量.
[2023-08-30 03:15:22,349] [INFO] 5***********@x**.fun 获得了 498MB 流量.
[2023-08-30 03:15:23,560] [INFO] d**@x**.fun 获得了 310MB 流量.
[2023-08-30 03:15:24,983] [INFO] h**@a***********.org 获得了 361MB 流量.
[2023-08-30 03:15:26,352] [INFO] c****@q****.com 获得了 370MB 流量.
[2023-08-31 03:15:16,229] [INFO] 5***********@x**.fun 获得了 358MB 流量.
[2023-08-31 03:15:17,617] [INFO] d**@x**.fun 获得了 407MB 流量.
[2023-08-31 03:15:18,823] [INFO] h**@a***********.org 获得了 453MB 流量.
[2023-08-31 03:15:20,241] [INFO] c****@q****.com 获得了 465MB 流量.
[2023-09-01 03:15:52,266] [INFO] 5***********@x**.fun 获得了 438MB 流量.
[2023-09-01 03:15:53,993] [INFO] d**@x**.fun 获得了 495MB 流量.
[2023-09-01 03:15:55,428] [INFO] h**@a***********.org 获得了 496MB 流量.
[2023-09-01 03:15:57,143] [INFO] c****@q****.com 获得了 428MB 流量.
[2023-09-02 03:14:41,579] [INFO] 5***********@x**.fun 获得了 336MB 流量.
[2023-09-02 03:14:42,951] [INFO] d**@x**.fun 获得了 434MB 流量.
[2023-09-02 03:14:44,116] [INFO] h**@a***********.org 获得了 381MB 流量.
[2023-09-02 03:14:45,280] [INFO] c****@q****.com 获得了 496MB 流量.
[2023-09-03 03:14:46,815] [INFO] 5***********@x**.fun 获得了 428MB 流量.
[2023-09-03 03:14:48,523] [INFO] d**@x**.fun 获得了 317MB 流量.
[2023-09-03 03:14:50,323] [INFO] h**@a***********.org 获得了 496MB 流量.
[2023-09-03 03:14:52,050] [INFO] c****@q****.com 获得了 428MB 流量.
[2023-09-04 03:15:43,956] [INFO] 5***********@x**.fun 获得了 452MB 流量.
[2023-09-04 03:15:45,287] [INFO] d**@x**.fun 获得了 407MB 流量.
[2023-09-04 03:15:46,872] [INFO] h**@a***********.org 获得了 450MB 流量.
[2023-09-04 03:15:48,249] [INFO] c****@q****.com 获得了 380MB 流量.
[2023-09-05 03:15:43,178] [INFO] 5***********@x**.fun 获得了 351MB 流量.
[2023-09-05 03:15:44,915] [INFO] d**@x**.fun 获得了 361MB 流量.
[2023-09-05 03:15:46,387] [INFO] h**@a***********.org 获得了 322MB 流量.
[2023-09-05 03:15:48,108] [INFO] c****@q****.com 获得了 470MB 流量.
[2023-09-06 03:15:12,589] [INFO] 5***********@x**.fun 获得了 484MB 流量.
[2023-09-06 03:15:14,286] [INFO] d**@x**.fun 获得了 451MB 流量.
[2023-09-06 03:15:15,984] [INFO] h**@a***********.org 获得了 353MB 流量.
[2023-09-06 03:15:17,698] [INFO] c****@q****.com 获得了 498MB 流量.
[2023-09-07 03:15:07,089] [INFO] 5***********@x**.fun 获得了 413MB 流量.
[2023-09-07 03:15:08,624] [INFO] d**@x**.fun 获得了 472MB 流量.
[2023-09-07 03:15:10,208] [INFO] h**@a***********.org 获得了 431MB 流量.
[2023-09-07 03:15:11,745] [INFO] c****@q****.com 获得了 451MB 流量.
[2023-09-08 03:15:04,941] [INFO] 5***********@x**.fun 获得了 396MB 流量.
[2023-09-08 03:15:06,364] [INFO] d**@x**.fun 获得了 443MB 流量.
[2023-09-08 03:15:07,793] [INFO] h**@a***********.org 获得了 376MB 流量.
[2023-09-08 03:15:09,226] [INFO] c****@q****.com 获得了 326MB 流量.
[2023-09-09 03:14:43,115] [INFO] 5***********@x**.fun 获得了 343MB 流量.
[2023-09-09 03:14:44,716] [INFO] d**@x**.fun 获得了 350MB 流量.
[2023-09-09 03:14:46,336] [INFO] h**@a***********.org 获得了 364MB 流量.
[2023-09-09 03:14:47,885] [INFO] c****@q****.com 获得了 300MB 流量.
[2023-09-10 03:14:51,348] [INFO] 5***********@x**.fun 获得了 462MB 流量.
[2023-09-10 03:14:53,031] [INFO] d**@x**.fun 获得了 482MB 流量.
[2023-09-10 03:14:54,733] [INFO] h**@a***********.org 获得了 447MB 流量.
[2023-09-10 03:14:56,442] [INFO] c****@q****.com 获得了 462MB 流量.
[2023-09-11 03:15:38,907] [INFO] 5***********@x**.fun 获得了 466MB 流量.
[2023-09-11 03:15:40,358] [INFO] d**@x**.fun 获得了 389MB 流量.
[2023-09-11 03:15:41,846] [INFO] h**@a***********.org 获得了 428MB 流量.
[2023-09-11 03:15:43,121] [INFO] c****@q****.com 获得了 500MB 流量.
[2023-09-12 03:15:19,935] [INFO] 5***********@x**.fun 获得了 308MB 流量.
[2023-09-12 03:15:21,376] [INFO] d**@x**.fun 获得了 436MB 流量.
[2023-09-12 03:15:22,847] [INFO] h**@a***********.org 获得了 463MB 流量.
[2023-09-12 03:15:24,091] [INFO] c****@q****.com 获得了 483MB 流量.
[2023-09-13 03:15:22,371] [INFO] 5***********@x**.fun 获得了 324MB 流量.
[2023-09-13 03:15:23,848] [INFO] d**@x**.fun 获得了 401MB 流量.
[2023-09-13 03:15:25,099] [INFO] h**@a***********.org 获得了 443MB 流量.
[2023-09-13 03:15:26,639] [INFO] c****@q****.com 获得了 439MB 流量.
[2023-09-14 03:15:10,707] [INFO] 5***********@x**.fun 获得了 383MB 流量.
[2023-09-14 03:15:12,232] [INFO] d**@x**.fun 获得了 352MB 流量.
[2023-09-14 03:15:13,529] [INFO] h**@a***********.org 获得了 371MB 流量.
[2023-09-14 03:15:15,039] [INFO] c****@q****.com 获得了 404MB 流量.
[2023-09-15 03:15:38,136] [INFO] 5***********@x**.fun 获得了 319MB 流量.
[2023-09-15 03:15:39,912] [INFO] d**@x**.fun 获得了 395MB 流量.
[2023-09-15 03:15:41,729] [INFO] h**@a***********.org 获得了 373MB 流量.
[2023-09-15 03:15:43,489] [INFO] c****@q****.com 获得了 362MB 流量.
[2023-09-16 03:14:51,059] [INFO] 5***********@x**.fun 获得了 482MB 流量.
[2023-09-16 03:14:52,860] [INFO] d**@x**.fun 获得了 492MB 流量.
[2023-09-16 03:14:54,644] [INFO] h**@a***********.org 获得了 444MB 流量.
[2023-09-16 03:14:56,413] [INFO] c****@q****.com 获得了 441MB 流量.
[2023-09-17 03:14:51,339] [INFO] 5***********@x**.fun 获得了 414MB 流量.
[2023-09-17 03:14:53,069] [INFO] d**@x**.fun 获得了 454MB 流量.
[2023-09-17 03:14:54,822] [INFO] h**@a***********.org 获得了 426MB 流量.
[2023-09-17 03:14:56,587] [INFO] c****@q****.com 获得了 323MB 流量.
[2023-09-18 03:15:41,273] [INFO] 5***********@x**.fun 获得了 474MB 流量.
[2023-09-18 03:15:42,985] [INFO] d**@x**.fun 获得了 423MB 流量.
[2023-09-18 03:15:44,704] [INFO] h**@a***********.org 获得了 368MB 流量.
[2023-09-18 03:15:46,452] [INFO] c****@q****.com 获得了 494MB 流量.
[2023-10-07 03:19:04,956] [INFO] w********@q*.com 您似乎已经签到过了...
[2023-10-08 03:18:52,911] [INFO] w********@q*.com 您似乎已经签到过了...
[2023-10-09 03:19:10,152] [INFO] w********@q*.com 您似乎已经签到过了...
[2023-10-10 03:19:23,939] [INFO] w********@q*.com 您似乎已经签到过了...
[2023-10-11 03:19:39,640] [INFO] w********@q*.com 您似乎已经签到过了...
[2023-10-12 03:19:13,539] [INFO] w********@q*.com 您似乎已经签到过了...
[2023-10-13 03:20:00,234] [INFO] w********@q*.com 您似乎已经签到过了...
[2023-10-14 03:18:38,193] [INFO] w********@q*.com 您似乎已经签到过了...
[2023-10-15 03:18:55,912] [INFO] w********@q*.com 您似乎已经签到过了...
[2023-10-16 03:20:03,360] [INFO] w********@q*.com 您似乎已经签到过了...
[2023-10-17 03:19:34,130] [INFO] w********@q*.com 您似乎已经签到过了...
[2023-10-18 03:19:28,555] [INFO] w********@q*.com 您似乎已经签到过了...
[2023-10-19 03:19:18,389] [INFO] w********@q*.com 您似乎已经签到过了...
[2023-10-20 03:19:16,209] [INFO] w********@q*.com 您似乎已经签到过了...
[2023-10-21 03:18:50,948] [INFO] w********@q*.com 您似乎已经签到过了...
[2023-10-22 03:19:58,444] [INFO] w********@q*.com 您似乎已经签到过了...
[2023-10-23 03:19:51,590] [INFO] w********@q*.com 您似乎已经签到过了...
[2023-10-24 03:20:23,770] [INFO] w********@q*.com 您似乎已经签到过了...
[2023-10-25 03:19:25,859] [INFO] w********@q*.com 您似乎已经签到过了...
[2023-10-26 03:18:59,591] [INFO] w********@q*.com 您似乎已经签到过了...
[2023-10-27 03:18:58,348] [INFO] w********@q*.com 您似乎已经签到过了...
[2023-10-28 03:18:43,176] [INFO] w********@q*.com 您似乎已经签到过了...
[2023-10-29 03:19:00,890] [INFO] w********@q*.com 您似乎已经签到过了...
[2023-10-30 03:19:35,398] [INFO] w********@q*.com 您似乎已经签到过了...
[2023-10-31 03:19:18,813] [INFO] w********@q*.com 您似乎已经签到过了...
[2023-11-01 03:19:45,227] [INFO] w********@q*.com 您似乎已经签到过了...
[2023-11-02 03:19:38,066] [INFO] w********@q*.com 您似乎已经签到过了...
[2023-11-03 03:19:22,644] [INFO] w********@q*.com 您似乎已经签到过了...
[2023-11-04 03:19:14,266] [INFO] w********@q*.com 您似乎已经签到过了...
[2023-11-05 03:21:24,709] [INFO] w********@q*.com 您似乎已经签到过了...
[2023-11-06 03:19:50,674] [INFO] w********@q*.com 您似乎已经签到过了...
[2023-11-07 03:19:34,650] [INFO] w********@q*.com 您似乎已经签到过了...
[2023-11-08 03:19:37,815] [INFO] w********@q*.com 您似乎已经签到过了...
[2023-11-09 03:19:19,091] [INFO] w********@q*.com 您似乎已经签到过了...
[2023-11-10 03:19:37,441] [INFO] w********@q*.com 您似乎已经签到过了...
[2023-11-11 03:21:09,050] [INFO] w********@q*.com 您似乎已经签到过了...
[2023-11-12 03:19:08,410] [INFO] w********@q*.com 您似乎已经签到过了...
[2023-11-13 03:19:50,842] [INFO] w********@q*.com 您似乎已经签到过了...
[2023-11-14 03:19:45,929] [INFO] w********@q*.com 您似乎已经签到过了...
[2023-11-15 03:20:27,298] [INFO] w********@q*.com 您似乎已经签到过了...
[2023-11-16 03:20:24,126] [INFO] w********@q*.com 您似乎已经签到过了...
[2023-11-17 03:20:18,431] [INFO] w********@q*.com 您似乎已经签到过了...
[2023-11-18 03:19:58,122] [INFO] w********@q*.com 您似乎已经签到过了...
[2023-11-19 03:19:47,424] [INFO] w********@q*.com 您似乎已经签到过了...
[2023-11-20 03:20:39,525] [INFO] w********@q*.com 您似乎已经签到过了...
[2023-11-21 03:20:59,993] [INFO] w********@q*.com 您似乎已经签到过了...
[2023-11-22 03:21:07,058] [INFO] w********@q*.com 您似乎已经签到过了...
[2023-11-23 03:20:18,911] [INFO] w********@q*.com 您似乎已经签到过了...
[2023-11-24 03:20:16,054] [INFO] w********@q*.com 您似乎已经签到过了...
[2023-11-25 03:20:14,429] [INFO] w********@q*.com 您似乎已经签到过了...
[2023-11-26 03:19:37,605] [INFO] w********@q*.com 您似乎已经签到过了...
[2023-11-27 03:20:26,864] [INFO] w********@q*.com 您似乎已经签到过了...
[2023-11-28 03:20:32,825] [INFO] w********@q*.com 您似乎已经签到过了...
[2023-11-29 03:20:07,510] [INFO] w********@q*.com 您似乎已经签到过了...
[2023-11-30 03:20:12,290] [INFO] w********@q*.com 您似乎已经签到过了...
[2023-12-01 03:20:58,565] [INFO] w********@q*.com 您似乎已经签到过了...
[2023-12-02 03:19:47,693] [INFO] w********@q*.com 您似乎已经签到过了...
[2023-12-03 03:19:39,878] [INFO] w********@q*.com 您似乎已经签到过了...
[2023-12-04 03:20:37,007] [INFO] w********@q*.com 您似乎已经签到过了...
[2023-12-05 03:20:46,121] [INFO] w********@q*.com 您似乎已经签到过了...
[2023-12-06 03:20:32,551] [INFO] w********@q*.com 您似乎已经签到过了...
[2023-12-07 03:20:32,376] [INFO] w********@q*.com 您似乎已经签到过了...
[2023-12-08 03:20:27,836] [INFO] w********@q*.com 您似乎已经签到过了...
[2023-12-09 03:19:43,685] [INFO] w********@q*.com 您似乎已经签到过了...
[2023-12-10 03:20:22,278] [INFO] w********@q*.com 您似乎已经签到过了...
[2023-12-11 03:20:55,322] [INFO] w********@q*.com 您似乎已经签到过了...
[2023-12-12 03:20:52,906] [INFO] w********@q*.com 您似乎已经签到过了...
[2023-12-13 03:20:57,729] [INFO] w********@q*.com 您似乎已经签到过了...
[2023-12-14 03:20:29,245] [INFO] w********@q*.com 您似乎已经签到过了...
[2023-12-15 03:20:55,237] [INFO] w********@q*.com 您似乎已经签到过了...
[2023-12-16 03:20:12,792] [INFO] w********@q*.com 您似乎已经签到过了...
[2023-12-17 03:20:22,830] [INFO] w********@q*.com 您似乎已经签到过了...
[2023-12-18 03:20:48,543] [INFO] w********@q*.com 您似乎已经签到过了...
[2023-12-19 03:21:03,980] [INFO] w********@q*.com 您似乎已经签到过了...
[2023-12-20 03:16:43,544] [INFO] w********@q*.com 您似乎已经签到过了...
[2023-12-21 03:20:12,416] [INFO] w********@q*.com 您似乎已经签到过了...
[2023-12-22 03:20:23,098] [INFO] w********@q*.com 您似乎已经签到过了...
[2023-12-23 03:20:04,391] [INFO] w********@q*.com 您似乎已经签到过了...
[2023-12-24 03:20:07,267] [INFO] w********@q*.com 您似乎已经签到过了...
[2023-12-25 03:20:32,871] [INFO] w********@q*.com 您似乎已经签到过了...
[2023-12-26 03:20:11,466] [INFO] w********@q*.com 系统无法接受您的验证结果，请完成非机器人验证。
[2023-12-27 03:20:52,568] [INFO] w********@q*.com 系统无法接受您的验证结果，请完成非机器人验证。
[2023-12-28 03:20:21,390] [INFO] w********@q*.com 系统无法接受您的验证结果，请完成非机器人验证。
[2023-12-29 03:20:29,028] [INFO] w********@q*.com 系统无法接受您的验证结果，请完成非机器人验证。
[2023-12-30 03:20:11,412] [INFO] w********@q*.com 系统无法接受您的验证结果，请完成非机器人验证。
[2023-12-31 03:20:14,743] [INFO] w********@q*.com 系统无法接受您的验证结果，请完成非机器人验证。
[2024-01-01 03:21:22,078] [INFO] w********@q*.com 系统无法接受您的验证结果，请完成非机器人验证。
[2024-01-02 03:20:34,556] [INFO] w********@q*.com 系统无法接受您的验证结果，请完成非机器人验证。
[2024-01-03 03:21:21,165] [INFO] w********@q*.com 系统无法接受您的验证结果，请完成非机器人验证。
[2024-01-04 03:20:31,941] [INFO] w********@q*.com 系统无法接受您的验证结果，请完成非机器人验证。
[2024-01-05 03:20:27,292] [INFO] w********@q*.com 系统无法接受您的验证结果，请完成非机器人验证。
[2024-01-06 03:19:52,159] [INFO] w********@q*.com 系统无法接受您的验证结果，请完成非机器人验证。
[2024-01-07 03:20:40,831] [INFO] w********@q*.com 系统无法接受您的验证结果，请完成非机器人验证。
